# JRE version: Java(TM) SE Runtime Environment (8.0_45-b15) (build 1.8.0_45-b15)
# Java VM: Java HotSpot(TM) 64-Bit Server VM (25.45-b02 mixed mode windows-amd64 compressed oops)
Heap:
 PSYoungGen      total 150528K, used 19639K [0x00000000eab00000, 0x00000000f6f80000, 0x0000000100000000)
  eden space 137216K, 4% used [0x00000000eab00000,0x00000000eb17e080,0x00000000f3100000)
  from space 13312K, 97% used [0x00000000f3100000,0x00000000f3dafc48,0x00000000f3e00000)
  to   space 14848K, 0% used [0x00000000f6100000,0x00000000f6100000,0x00000000f6f80000)
 ParOldGen       total 96768K, used 22668K [0x00000000c0000000, 0x00000000c5e80000, 0x00000000eab00000)
  object space 96768K, 23% used [0x00000000c0000000,0x00000000c16232e8,0x00000000c5e80000)
 Metaspace       used 41463K, capacity 42200K, committed 42368K, reserved 1085440K
  class space    used 5692K, capacity 5896K, committed 6016K, reserved 1048576K
GC Heap History (10 events):
Event: 8.304 GC heap before
{Heap before GC invocations=7 (full 1):
 PSYoungGen      total 65024K, used 60416K [0x00000000eab00000, 0x00000000f3500000, 0x0000000100000000)
  eden space 60416K, 100% used [0x00000000eab00000,0x00000000ee600000,0x00000000ee600000)
  from space 4608K, 0% used [0x00000000ee600000,0x00000000ee600000,0x00000000eea80000)
  to   space 10240K, 0% used [0x00000000f2b00000,0x00000000f2b00000,0x00000000f3500000)
 ParOldGen       total 56320K, used 8068K [0x00000000c0000000, 0x00000000c3700000, 0x00000000eab00000)
  object space 56320K, 14% used [0x00000000c0000000,0x00000000c07e13c0,0x00000000c3700000)
 Metaspace       used 26848K, capacity 27350K, committed 27392K, reserved 1073152K
  class space    used 3685K, capacity 3827K, committed 3840K, reserved 1048576K
Event: 8.322 GC heap after
Heap after GC invocations=7 (full 1):
 PSYoungGen      total 100352K, used 6313K [0x00000000eab00000, 0x00000000f3180000, 0x0000000100000000)
  eden space 93696K, 0% used [0x00000000eab00000,0x00000000eab00000,0x00000000f0680000)
  from space 6656K, 94% used [0x00000000f2b00000,0x00000000f312a720,0x00000000f3180000)
  to   space 9728K, 0% used [0x00000000f1e80000,0x00000000f1e80000,0x00000000f2800000)
 ParOldGen       total 56320K, used 8076K [0x00000000c0000000, 0x00000000c3700000, 0x00000000eab00000)
  object space 56320K, 14% used [0x00000000c0000000,0x00000000c07e33c0,0x00000000c3700000)
 Metaspace       used 26848K, capacity 27350K, committed 27392K, reserved 1073152K
  class space    used 3685K, capacity 3827K, committed 3840K, reserved 1048576K
}
Event: 12.909 GC heap before
{Heap before GC invocations=8 (full 1):
 PSYoungGen      total 100352K, used 100009K [0x00000000eab00000, 0x00000000f3180000, 0x0000000100000000)
  eden space 93696K, 100% used [0x00000000eab00000,0x00000000f0680000,0x00000000f0680000)
  from space 6656K, 94% used [0x00000000f2b00000,0x00000000f312a720,0x00000000f3180000)
  to   space 9728K, 0% used [0x00000000f1e80000,0x00000000f1e80000,0x00000000f2800000)
 ParOldGen       total 56320K, used 8076K [0x00000000c0000000, 0x00000000c3700000, 0x00000000eab00000)
  object space 56320K, 14% used [0x00000000c0000000,0x00000000c07e33c0,0x00000000c3700000)
 Metaspace       used 30480K, capacity 30972K, committed 31232K, reserved 1077248K
  class space    used 4123K, capacity 4266K, committed 4352K, reserved 1048576K
Event: 12.931 GC heap after
Heap after GC invocations=8 (full 1):
 PSYoungGen      total 128000K, used 7894K [0x00000000eab00000, 0x00000000f4800000, 0x0000000100000000)
  eden space 118272K, 0% used [0x00000000eab00000,0x00000000eab00000,0x00000000f1e80000)
  from space 9728K, 81% used [0x00000000f1e80000,0x00000000f2635be0,0x00000000f2800000)
  to   space 10240K, 0% used [0x00000000f3e00000,0x00000000f3e00000,0x00000000f4800000)
 ParOldGen       total 56320K, used 8148K [0x00000000c0000000, 0x00000000c3700000, 0x00000000eab00000)
  object space 56320K, 14% used [0x00000000c0000000,0x00000000c07f53d0,0x00000000c3700000)
 Metaspace       used 30480K, capacity 30972K, committed 31232K, reserved 1077248K
  class space    used 4123K, capacity 4266K, committed 4352K, reserved 1048576K
}
Event: 14.936 GC heap before
{Heap before GC invocations=9 (full 1):
 PSYoungGen      total 128000K, used 101558K [0x00000000eab00000, 0x00000000f4800000, 0x0000000100000000)
  eden space 118272K, 79% used [0x00000000eab00000,0x00000000f0677db0,0x00000000f1e80000)
  from space 9728K, 81% used [0x00000000f1e80000,0x00000000f2635be0,0x00000000f2800000)
  to   space 10240K, 0% used [0x00000000f3e00000,0x00000000f3e00000,0x00000000f4800000)
 ParOldGen       total 56320K, used 8148K [0x00000000c0000000, 0x00000000c3700000, 0x00000000eab00000)
  object space 56320K, 14% used [0x00000000c0000000,0x00000000c07f53d0,0x00000000c3700000)
 Metaspace       used 34701K, capacity 35342K, committed 35456K, reserved 1079296K
  class space    used 4702K, capacity 4886K, committed 4992K, reserved 1048576K
Event: 14.980 GC heap after
Heap after GC invocations=9 (full 1):
 PSYoungGen      total 147456K, used 10214K [0x00000000eab00000, 0x00000000f7480000, 0x0000000100000000)
  eden space 137216K, 0% used [0x00000000eab00000,0x00000000eab00000,0x00000000f3100000)
  from space 10240K, 99% used [0x00000000f3e00000,0x00000000f47f9aa8,0x00000000f4800000)
  to   space 13312K, 0% used [0x00000000f3100000,0x00000000f3100000,0x00000000f3e00000)
 ParOldGen       total 56320K, used 12999K [0x00000000c0000000, 0x00000000c3700000, 0x00000000eab00000)
  object space 56320K, 23% used [0x00000000c0000000,0x00000000c0cb1ed0,0x00000000c3700000)
 Metaspace       used 34701K, capacity 35342K, committed 35456K, reserved 1079296K
  class space    used 4702K, capacity 4886K, committed 4992K, reserved 1048576K
}
Event: 14.980 GC heap before
{Heap before GC invocations=10 (full 2):
 PSYoungGen      total 147456K, used 10214K [0x00000000eab00000, 0x00000000f7480000, 0x0000000100000000)
  eden space 137216K, 0% used [0x00000000eab00000,0x00000000eab00000,0x00000000f3100000)
  from space 10240K, 99% used [0x00000000f3e00000,0x00000000f47f9aa8,0x00000000f4800000)
  to   space 13312K, 0% used [0x00000000f3100000,0x00000000f3100000,0x00000000f3e00000)
 ParOldGen       total 56320K, used 12999K [0x00000000c0000000, 0x00000000c3700000, 0x00000000eab00000)
  object space 56320K, 23% used [0x00000000c0000000,0x00000000c0cb1ed0,0x00000000c3700000)
 Metaspace       used 34701K, capacity 35342K, committed 35456K, reserved 1079296K
  class space    used 4702K, capacity 4886K, committed 4992K, reserved 1048576K
Event: 15.236 GC heap after
Heap after GC invocations=10 (full 2):
 PSYoungGen      total 147456K, used 0K [0x00000000eab00000, 0x00000000f7480000, 0x0000000100000000)
  eden space 137216K, 0% used [0x00000000eab00000,0x00000000eab00000,0x00000000f3100000)
  from space 10240K, 0% used [0x00000000f3e00000,0x00000000f3e00000,0x00000000f4800000)
  to   space 13312K, 0% used [0x00000000f3100000,0x00000000f3100000,0x00000000f3e00000)
 ParOldGen       total 96768K, used 22660K [0x00000000c0000000, 0x00000000c5e80000, 0x00000000eab00000)
  object space 96768K, 23% used [0x00000000c0000000,0x00000000c16212e8,0x00000000c5e80000)
 Metaspace       used 34701K, capacity 35342K, committed 35456K, reserved 1079296K
  class space    used 4702K, capacity 4886K, committed 4992K, reserved 1048576K
}
Event: 19.163 GC heap before
{Heap before GC invocations=11 (full 2):
 PSYoungGen      total 147456K, used 137216K [0x00000000eab00000, 0x00000000f7480000, 0x0000000100000000)
  eden space 137216K, 100% used [0x00000000eab00000,0x00000000f3100000,0x00000000f3100000)
  from space 10240K, 0% used [0x00000000f3e00000,0x00000000f3e00000,0x00000000f4800000)
  to   space 13312K, 0% used [0x00000000f3100000,0x00000000f3100000,0x00000000f3e00000)
 ParOldGen       total 96768K, used 22660K [0x00000000c0000000, 0x00000000c5e80000, 0x00000000eab00000)
  object space 96768K, 23% used [0x00000000c0000000,0x00000000c16212e8,0x00000000c5e80000)
 Metaspace       used 41370K, capacity 42060K, committed 42240K, reserved 1085440K
  class space    used 5671K, capacity 5849K, committed 5888K, reserved 1048576K
Event: 19.211 GC heap after
Heap after GC invocations=11 (full 2):
 PSYoungGen      total 150528K, used 12991K [0x00000000eab00000, 0x00000000f6f80000, 0x0000000100000000)
  eden space 137216K, 0% used [0x00000000eab00000,0x00000000eab00000,0x00000000f3100000)
  from space 13312K, 97% used [0x00000000f3100000,0x00000000f3dafc48,0x00000000f3e00000)
  to   space 14848K, 0% used [0x00000000f6100000,0x00000000f6100000,0x00000000f6f80000)
 ParOldGen       total 96768K, used 22668K [0x00000000c0000000, 0x00000000c5e80000, 0x00000000eab00000)
  object space 96768K, 23% used [0x00000000c0000000,0x00000000c16232e8,0x00000000c5e80000)
 Metaspace       used 41370K, capacity 42060K, committed 42240K, reserved 1085440K
  class space    used 5671K, capacity 5849K, committed 5888K, reserved 1048576K
}

